NHterm/term/build/intermediates/manifest_merge_blame_file/debug/manifest-merger-blame-debug-report.txt
1<?xml version="1.0" encoding="utf-8"?>
2<manifest xmlns:android="http://schemas.android.com/apk/res/android"
3    package="com.offsec.nhterm"
4    android:installLocation="auto"
5    android:versionCode="1001"
6    android:versionName="1.1" >
7
8    <uses-sdk
9        android:minSdkVersion="28"
9-->src/main/AndroidManifest.xml
10        android:targetSdkVersion="29" />
10-->src/main/AndroidManifest.xml
11
12    <uses-feature
12-->src/main/AndroidManifest.xml:7:5-90
13        android:name="android.hardware.touchscreen"
13-->src/main/AndroidManifest.xml:7:19-62
14        android:required="false" />
14-->src/main/AndroidManifest.xml:7:63-87
15
16    <uses-permission android:name="android.permission.INTERNET" />
16-->src/main/AndroidManifest.xml:8:5-67
16-->src/main/AndroidManifest.xml:8:22-64
17    <uses-permission android:name="android.permission.READ_EXTERNAL_STORAGE" />
17-->src/main/AndroidManifest.xml:9:5-80
17-->src/main/AndroidManifest.xml:9:22-77
18    <uses-permission android:name="android.permission.WRITE_EXTERNAL_STORAGE" />
18-->src/main/AndroidManifest.xml:10:5-81
18-->src/main/AndroidManifest.xml:10:22-78
19    <uses-permission android:name="android.permission.ACCESS_SUPERUSER" />
19-->src/main/AndroidManifest.xml:11:5-75
19-->src/main/AndroidManifest.xml:11:22-72
20    <uses-permission android:name="android.permission.WAKE_LOCK" />
20-->src/main/AndroidManifest.xml:12:5-68
20-->src/main/AndroidManifest.xml:12:22-65
21    <uses-permission android:name="android.permission.FOREGROUND_SERVICE" />
21-->src/main/AndroidManifest.xml:13:5-77
21-->src/main/AndroidManifest.xml:13:22-74
22    <uses-permission android:name="android.permission.REQUEST_IGNORE_BATTERY_OPTIMIZATIONS" />
22-->src/main/AndroidManifest.xml:14:5-95
22-->src/main/AndroidManifest.xml:14:22-92
23
24    <permission
24-->src/main/AndroidManifest.xml:15:5-19:47
25        android:name="com.offsec.nhterm.permission.RUN_SCRIPT"
25-->src/main/AndroidManifest.xml:15:17-71
26        android:description="@string/permdesc_run_script"
26-->src/main/AndroidManifest.xml:17:9-58
27        android:label="@string/perm_run_script"
27-->src/main/AndroidManifest.xml:16:9-48
28        android:permissionGroup="android.permission-group.SYSTEM_TOOLS"
28-->src/main/AndroidManifest.xml:18:9-72
29        android:protectionLevel="dangerous" />
29-->src/main/AndroidManifest.xml:19:9-44
30    <permission
30-->src/main/AndroidManifest.xml:20:5-24:47
31        android:name="com.offsec.nhterm.permission.RUN_SCRIPT_NH_LOGIN"
31-->src/main/AndroidManifest.xml:20:17-80
32        android:description="@string/permdesc_run_script_nh"
32-->src/main/AndroidManifest.xml:22:9-61
33        android:label="@string/perm_run_script_nh"
33-->src/main/AndroidManifest.xml:21:9-51
34        android:permissionGroup="android.permission-group.SYSTEM_TOOLS"
34-->src/main/AndroidManifest.xml:23:9-72
35        android:protectionLevel="dangerous" />
35-->src/main/AndroidManifest.xml:24:9-44
36    <permission
36-->src/main/AndroidManifest.xml:25:5-29:47
37        android:name="com.offsec.nhterm.permission.RUN_SCRIPT_NH"
37-->src/main/AndroidManifest.xml:25:17-74
38        android:description="@string/permdesc_run_script_nh"
38-->src/main/AndroidManifest.xml:27:9-61
39        android:label="@string/perm_run_script_nh"
39-->src/main/AndroidManifest.xml:26:9-51
40        android:permissionGroup="android.permission-group.SYSTEM_TOOLS"
40-->src/main/AndroidManifest.xml:28:9-72
41        android:protectionLevel="dangerous" />
41-->src/main/AndroidManifest.xml:29:9-44
42    <permission
42-->src/main/AndroidManifest.xml:30:5-34:47
43        android:name="com.offsec.nhterm.permission.RUN_SCRIPT_SU"
43-->src/main/AndroidManifest.xml:30:17-74
44        android:description="@string/permdesc_run_script_su"
44-->src/main/AndroidManifest.xml:32:9-61
45        android:label="@string/perm_run_script_su"
45-->src/main/AndroidManifest.xml:31:9-51
46        android:permissionGroup="android.permission-group.SYSTEM_TOOLS"
46-->src/main/AndroidManifest.xml:33:9-72
47        android:protectionLevel="dangerous" />
47-->src/main/AndroidManifest.xml:34:9-44
48    <permission
48-->src/main/AndroidManifest.xml:35:5-39:47
49        android:name="com.offsec.nhterm.permission.APPEND_TO_PATH"
49-->src/main/AndroidManifest.xml:35:17-75
50        android:description="@string/permdesc_append_to_path"
50-->src/main/AndroidManifest.xml:37:9-62
51        android:label="@string/perm_append_to_path"
51-->src/main/AndroidManifest.xml:36:9-52
52        android:permissionGroup="android.permission-group.SYSTEM_TOOLS"
52-->src/main/AndroidManifest.xml:38:9-72
53        android:protectionLevel="dangerous" />
53-->src/main/AndroidManifest.xml:39:9-44
54    <permission
54-->src/main/AndroidManifest.xml:40:5-44:47
55        android:name="com.offsec.nhterm.permission.PREPEND_TO_PATH"
55-->src/main/AndroidManifest.xml:40:17-76
56        android:description="@string/permdesc_prepend_to_path"
56-->src/main/AndroidManifest.xml:42:9-63
57        android:label="@string/perm_prepend_to_path"
57-->src/main/AndroidManifest.xml:41:9-53
58        android:permissionGroup="android.permission-group.SYSTEM_TOOLS"
58-->src/main/AndroidManifest.xml:43:9-72
59        android:protectionLevel="dangerous" />
59-->src/main/AndroidManifest.xml:44:9-44
60
61    <application
61-->src/main/AndroidManifest.xml:45:5-181:19
62        android:allowBackup="false"
62-->src/main/AndroidManifest.xml:48:9-36
63        android:appComponentFactory="android.support.v4.app.CoreComponentFactory"
63-->[com.android.support:support-compat:28.0.0] AndroidManifest.xml:22:18-91
64        android:debuggable="true"
65        android:extractNativeLibs="false"
66        android:hardwareAccelerated="true"
66-->src/main/AndroidManifest.xml:47:9-43
67        android:icon="@mipmap/ic_launcher"
67-->src/main/AndroidManifest.xml:45:18-52
68        android:label="@string/application_terminal"
68-->src/main/AndroidManifest.xml:46:9-53
69        android:testOnly="true"
70        android:theme="@style/Theme" >
70-->src/main/AndroidManifest.xml:49:9-37
71        <activity
71-->src/main/AndroidManifest.xml:50:9-60:20
72            android:name="com.offsec.nhterm.Term"
72-->src/main/AndroidManifest.xml:50:19-56
73            android:configChanges="keyboard|keyboardHidden|orientation"
73-->src/main/AndroidManifest.xml:53:13-72
74            android:launchMode="singleTask"
74-->src/main/AndroidManifest.xml:51:13-44
75            android:resizeableActivity="true"
75-->src/main/AndroidManifest.xml:52:13-46
76            android:windowSoftInputMode="adjustResize|stateAlwaysVisible" >
76-->src/main/AndroidManifest.xml:54:13-74
77            <intent-filter>
77-->src/main/AndroidManifest.xml:55:13-59:29
78                <action android:name="android.intent.action.MAIN" />
78-->src/main/AndroidManifest.xml:56:17-69
78-->src/main/AndroidManifest.xml:56:25-66
79
80                <category android:name="android.intent.category.LAUNCHER" />
80-->src/main/AndroidManifest.xml:57:17-77
80-->src/main/AndroidManifest.xml:57:27-74
81                <category android:name="android.intent.category.MULTIWINDOW_LAUNCHER" />
81-->src/main/AndroidManifest.xml:58:17-89
81-->src/main/AndroidManifest.xml:58:27-86
82            </intent-filter>
83        </activity>
84
85        <activity-alias
85-->src/main/AndroidManifest.xml:61:9-72:26
86            android:name="com.offsec.nhterm.TermInternal"
86-->src/main/AndroidManifest.xml:61:25-52
87            android:exported="false"
87-->src/main/AndroidManifest.xml:63:13-37
88            android:targetActivity="com.offsec.nhterm.Term" >
88-->src/main/AndroidManifest.xml:62:13-60
89            <intent-filter>
89-->src/main/AndroidManifest.xml:64:13-67:29
90                <action android:name="com.offsec.nhterm.private.OPEN_NEW_WINDOW" />
90-->src/main/AndroidManifest.xml:65:17-84
90-->src/main/AndroidManifest.xml:65:25-81
91
92                <category android:name="android.intent.category.DEFAULT" />
92-->src/main/AndroidManifest.xml:66:17-76
92-->src/main/AndroidManifest.xml:66:27-73
93            </intent-filter>
94            <intent-filter>
94-->src/main/AndroidManifest.xml:68:13-71:29
95                <action android:name="com.offsec.nhterm.private.SWITCH_WINDOW" />
95-->src/main/AndroidManifest.xml:69:17-82
95-->src/main/AndroidManifest.xml:69:25-79
96
97                <category android:name="android.intent.category.DEFAULT" />
97-->src/main/AndroidManifest.xml:66:17-76
97-->src/main/AndroidManifest.xml:66:27-73
98            </intent-filter>
99        </activity-alias>
100
101        <activity
101-->src/main/AndroidManifest.xml:73:9-79:20
102            android:name="com.offsec.nhterm.RemoteInterface"
102-->src/main/AndroidManifest.xml:73:19-67
103            android:excludeFromRecents="true" >
103-->src/main/AndroidManifest.xml:74:13-46
104            <intent-filter>
104-->src/main/AndroidManifest.xml:75:13-78:29
105                <action android:name="com.offsec.nhterm.OPEN_NEW_WINDOW" />
105-->src/main/AndroidManifest.xml:76:17-76
105-->src/main/AndroidManifest.xml:76:25-73
106
107                <category android:name="android.intent.category.DEFAULT" />
107-->src/main/AndroidManifest.xml:66:17-76
107-->src/main/AndroidManifest.xml:66:27-73
108            </intent-filter>
109        </activity>
110
111        <activity-alias
111-->src/main/AndroidManifest.xml:80:9-91:26
112            android:name="com.offsec.nhterm.TermHere"
112-->src/main/AndroidManifest.xml:81:13-36
113            android:exported="true"
113-->src/main/AndroidManifest.xml:84:13-36
114            android:label="@string/activity_term_here_title"
114-->src/main/AndroidManifest.xml:82:13-61
115            android:targetActivity="com.offsec.nhterm.RemoteInterface" >
115-->src/main/AndroidManifest.xml:83:13-71
116            <intent-filter>
116-->src/main/AndroidManifest.xml:86:13-90:29
117                <action android:name="android.intent.action.SEND" />
117-->src/main/AndroidManifest.xml:87:17-69
117-->src/main/AndroidManifest.xml:87:25-66
118
119                <data android:mimeType="*/*" />
119-->src/main/AndroidManifest.xml:88:17-48
119-->src/main/AndroidManifest.xml:88:23-45
120
121                <category android:name="android.intent.category.DEFAULT" />
121-->src/main/AndroidManifest.xml:66:17-76
121-->src/main/AndroidManifest.xml:66:27-73
122            </intent-filter>
123        </activity-alias>
124
125        <activity
125-->src/main/AndroidManifest.xml:92:9-99:20
126            android:name="com.offsec.nhterm.RunScriptNetHunterLogin"
126-->src/main/AndroidManifest.xml:92:19-75
127            android:excludeFromRecents="true"
127-->src/main/AndroidManifest.xml:93:13-46
128            android:permission="com.offsec.nhterm.permission.RUN_SCRIPT_NH_LOGIN" >
128-->src/main/AndroidManifest.xml:94:13-82
129            <intent-filter>
129-->src/main/AndroidManifest.xml:95:13-98:29
130                <action android:name="com.offsec.nhterm.RUN_SCRIPT_NH_LOGIN" />
130-->src/main/AndroidManifest.xml:96:17-80
130-->src/main/AndroidManifest.xml:96:25-77
131
132                <category android:name="android.intent.category.DEFAULT" />
132-->src/main/AndroidManifest.xml:66:17-76
132-->src/main/AndroidManifest.xml:66:27-73
133            </intent-filter>
134        </activity>
135        <activity
135-->src/main/AndroidManifest.xml:100:9-107:20
136            android:name="com.offsec.nhterm.RunScriptNetHunter"
136-->src/main/AndroidManifest.xml:100:19-70
137            android:excludeFromRecents="true"
137-->src/main/AndroidManifest.xml:101:13-46
138            android:permission="com.offsec.nhterm.permission.RUN_SCRIPT_NH" >
138-->src/main/AndroidManifest.xml:102:13-76
139            <intent-filter>
139-->src/main/AndroidManifest.xml:103:13-106:29
140                <action android:name="com.offsec.nhterm.RUN_SCRIPT_NH" />
140-->src/main/AndroidManifest.xml:104:17-74
140-->src/main/AndroidManifest.xml:104:25-71
141
142                <category android:name="android.intent.category.DEFAULT" />
142-->src/main/AndroidManifest.xml:66:17-76
142-->src/main/AndroidManifest.xml:66:27-73
143            </intent-filter>
144        </activity>
145        <activity
145-->src/main/AndroidManifest.xml:108:9-115:20
146            android:name="com.offsec.nhterm.RunScriptSu"
146-->src/main/AndroidManifest.xml:108:19-63
147            android:excludeFromRecents="true"
147-->src/main/AndroidManifest.xml:109:13-46
148            android:permission="com.offsec.nhterm.permission.RUN_SCRIPT_SU" >
148-->src/main/AndroidManifest.xml:110:13-76
149            <intent-filter>
149-->src/main/AndroidManifest.xml:111:13-114:29
150                <action android:name="com.offsec.nhterm.RUN_SCRIPT_SU" />
150-->src/main/AndroidManifest.xml:112:17-74
150-->src/main/AndroidManifest.xml:112:25-71
151
152                <category android:name="android.intent.category.DEFAULT" />
152-->src/main/AndroidManifest.xml:66:17-76
152-->src/main/AndroidManifest.xml:66:27-73
153            </intent-filter>
154        </activity>
155        <activity
155-->src/main/AndroidManifest.xml:116:9-123:20
156            android:name="com.offsec.nhterm.RunScript"
156-->src/main/AndroidManifest.xml:116:19-61
157            android:excludeFromRecents="true"
157-->src/main/AndroidManifest.xml:117:13-46
158            android:permission="com.offsec.nhterm.permission.RUN_SCRIPT" >
158-->src/main/AndroidManifest.xml:118:13-73
159            <intent-filter>
159-->src/main/AndroidManifest.xml:119:13-122:29
160                <action android:name="com.offsec.nhterm.RUN_SCRIPT" />
160-->src/main/AndroidManifest.xml:120:17-71
160-->src/main/AndroidManifest.xml:120:25-68
161
162                <category android:name="android.intent.category.DEFAULT" />
162-->src/main/AndroidManifest.xml:66:17-76
162-->src/main/AndroidManifest.xml:66:27-73
163            </intent-filter>
164        </activity>
165        <activity
165-->src/main/AndroidManifest.xml:124:9-130:20
166            android:name="com.offsec.nhterm.RunShortcut"
166-->src/main/AndroidManifest.xml:124:19-63
167            android:excludeFromRecents="true" >
167-->src/main/AndroidManifest.xml:125:13-46
168            <intent-filter>
168-->src/main/AndroidManifest.xml:126:13-129:29
169                <action android:name="com.offsec.nhterm.RUN_SHORTCUT" />
169-->src/main/AndroidManifest.xml:127:17-73
169-->src/main/AndroidManifest.xml:127:25-70
170
171                <category android:name="android.intent.category.DEFAULT" />
171-->src/main/AndroidManifest.xml:66:17-76
171-->src/main/AndroidManifest.xml:66:27-73
172            </intent-filter>
173        </activity>
174        <activity
174-->src/main/AndroidManifest.xml:131:9-132:50
175            android:name="com.offsec.nhterm.TermPreferences"
175-->src/main/AndroidManifest.xml:131:19-67
176            android:label="@string/preferences" />
176-->src/main/AndroidManifest.xml:132:13-48
177        <activity
177-->src/main/AndroidManifest.xml:133:9-134:51
178            android:name="com.offsec.nhterm.WindowList"
178-->src/main/AndroidManifest.xml:133:19-62
179            android:label="@string/window_list" />
179-->src/main/AndroidManifest.xml:134:13-48
180
181        <service
181-->src/main/AndroidManifest.xml:135:9-140:19
182            android:name="com.offsec.nhterm.TermService"
182-->src/main/AndroidManifest.xml:135:18-62
183            android:permission="android.permission.BIND_JOB_SERVICE" >
183-->src/main/AndroidManifest.xml:135:63-119
184            <intent-filter>
184-->src/main/AndroidManifest.xml:136:13-139:29
185                <action android:name="com.offsec.nhterm.action.START_TERM.v1" />
185-->src/main/AndroidManifest.xml:137:17-80
185-->src/main/AndroidManifest.xml:137:25-78
186
187                <category android:name="android.intent.category.DEFAULT" />
187-->src/main/AndroidManifest.xml:66:17-76
187-->src/main/AndroidManifest.xml:66:27-73
188            </intent-filter>
189        </service>
190
191        <activity
191-->src/main/AndroidManifest.xml:141:9-158:20
192            android:name="com.offsec.nhterm.shortcuts.AddShortcut"
192-->src/main/AndroidManifest.xml:143:13-67
193            android:configChanges="orientation|keyboard|keyboardHidden"
193-->src/main/AndroidManifest.xml:146:13-72
194            android:label="@string/activity_shortcut_create"
194-->src/main/AndroidManifest.xml:142:13-61
195            android:launchMode="singleTop"
195-->src/main/AndroidManifest.xml:144:13-43
196            android:theme="@android:style/Theme.Translucent.NoTitleBar" >
196-->src/main/AndroidManifest.xml:145:13-72
197            <intent-filter>
197-->src/main/AndroidManifest.xml:148:13-150:29
198                <action android:name="android.intent.action.MAIN" />
198-->src/main/AndroidManifest.xml:56:17-69
198-->src/main/AndroidManifest.xml:56:25-66
199            </intent-filter>
200            <intent-filter>
200-->src/main/AndroidManifest.xml:151:13-153:29
201                <action android:name="android.intent.action.CREATE_SHORTCUT" />
201-->src/main/AndroidManifest.xml:152:17-80
201-->src/main/AndroidManifest.xml:152:25-77
202            </intent-filter>
203            <intent-filter>
203-->src/main/AndroidManifest.xml:154:13-157:29
204                <category android:name="android.intent.category.DEFAULT" />
204-->src/main/AndroidManifest.xml:66:17-76
204-->src/main/AndroidManifest.xml:66:27-73
205
206                <data android:mimeType="text/*" />
206-->src/main/AndroidManifest.xml:88:17-48
206-->src/main/AndroidManifest.xml:88:23-45
207            </intent-filter>
208        </activity>
209        <activity
209-->src/main/AndroidManifest.xml:159:9-176:20
210            android:name="com.offsec.nhterm.shortcuts.FSNavigator"
210-->src/main/AndroidManifest.xml:160:13-67
211            android:configChanges="orientation|keyboardHidden"
211-->src/main/AndroidManifest.xml:163:13-63
212            android:exported="true"
212-->src/main/AndroidManifest.xml:164:13-36
213            android:label="@string/addshortcut_button_find_command"
213-->src/main/AndroidManifest.xml:161:13-68
214            android:launchMode="singleTop" >
214-->src/main/AndroidManifest.xml:162:13-43
215            <intent-filter>
215-->src/main/AndroidManifest.xml:166:13-169:29
216                <action android:name="android.intent.action.PICK" />
216-->src/main/AndroidManifest.xml:167:17-69
216-->src/main/AndroidManifest.xml:167:25-66
217
218                <category android:name="android.intent.category.DEFAULT" />
218-->src/main/AndroidManifest.xml:66:17-76
218-->src/main/AndroidManifest.xml:66:27-73
219            </intent-filter>
220            <intent-filter>
220-->src/main/AndroidManifest.xml:170:13-175:29
221                <action android:name="android.intent.action.GET_CONTENT" />
221-->src/main/AndroidManifest.xml:171:17-76
221-->src/main/AndroidManifest.xml:171:25-73
222
223                <category android:name="android.intent.category.DEFAULT" />
223-->src/main/AndroidManifest.xml:66:17-76
223-->src/main/AndroidManifest.xml:66:27-73
224                <category android:name="android.intent.category.OPENABLE" />
224-->src/main/AndroidManifest.xml:173:17-76
224-->src/main/AndroidManifest.xml:173:27-74
225
226                <data android:mimeType="*/*" />
226-->src/main/AndroidManifest.xml:88:17-48
226-->src/main/AndroidManifest.xml:88:23-45
227            </intent-filter>
228        </activity>
229
230        <meta-data
230-->src/main/AndroidManifest.xml:177:9-180:21
231            android:name="com.sec.android.support.multiwindow"
231-->src/main/AndroidManifest.xml:178:13-63
232            android:value="true" >
232-->src/main/AndroidManifest.xml:179:13-33
233        </meta-data>
234    </application>
235
236</manifest>